<?xml version="1.0" encoding="UTF-8"?><testsuite errors="0" failures="1" name="Registro de Usuario en la Pagina" skipped="0" tests="1" time="49.75" timestamp="2021-10-27 10:12:06"><testcase name="Registro de usuario en la pagina"><failure message="Expected r&#10;Expected: is &lt;true&gt;&#10;     but: was &lt;false&gt;" type="java.lang.AssertionError">Expected r
Expected: is &lt;true&gt;
     but: was &lt;false&gt;</failure><system-err>Expected r
Expected: is &lt;true&gt;
     but: was &lt;false&gt;&#13;
co.com.choucair.certification.prueba.stepdefinitions.UtestStepDefinition.porteriormenteSeDebeClickearElBotonDeRegitroParaFinalizarElMismo(UtestStepDefinition.java:37)&#13;
✽.porteriormente se debe clickear el boton de regitro para finalizar el mismo(src/test/resources/features/registro.feature:13)&#13;
</system-err></testcase></testsuite>